// ═══════════════════════════════════════════════════════════════
// TESTING MODULE - Test Framework for .999
// Version: 2.0.0 | Trinity: n=9 k=3 m=0
// ═══════════════════════════════════════════════════════════════

Ⲯ ⲕⲟⲣⲉ
Ⲯ ⲧⲣⲓⲛⲓⲧⲩ

// ═══════════════════════════════════════════════════════════════
// TEST RESULT
// ═══════════════════════════════════════════════════════════════
⬢ TestStatus { PASSED, FAILED, SKIPPED, PENDING }

Ⲏ TestResult {
    Ⲃ name: Ⲧⲉⲝⲧ
    Ⲃ status: TestStatus
    Ⲃ duration_ms: Ⲓⲛⲧ = 0
    Ⲃ error: Ⲧⲉⲝⲧ?
    Ⲃ assertions: Ⲓⲛⲧ = 0
    Ⲃ failures: [AssertionFailure] = []
}

Ⲏ AssertionFailure {
    Ⲃ message: Ⲧⲉⲝⲧ
    Ⲃ expected: Ⲧⲉⲝⲧ
    Ⲃ actual: Ⲧⲉⲝⲧ
    Ⲃ line: Ⲓⲛⲧ
}

// ═══════════════════════════════════════════════════════════════
// TEST CASE
// ═══════════════════════════════════════════════════════════════
Ⲏ TestCase {
    Ⲃ name: Ⲧⲉⲝⲧ
    Ⲃ func: Ⲫⲛ(TestContext)
    Ⲃ tags: [Ⲧⲉⲝⲧ] = []
    Ⲃ timeout_ms: Ⲓⲛⲧ = 5000
    Ⲃ skip: Trit = ▽
    Ⲃ only: Trit = ▽
}

Ⲏ TestContext {
    Ⲃ assertions: Ⲓⲛⲧ = 0
    Ⲃ failures: [AssertionFailure] = []
    Ⲃ passed: Trit = △
    
    // Basic assertions
    Ⲫ assert(Ⲥ, Ⲁ condition: Trit, Ⲁ message: Ⲧⲉⲝⲧ = "") {
        Ⲥ.assertions += 1
        Ⲉ condition != △ {
            Ⲥ.passed = ▽
            Ⲥ.failures.push(AssertionFailure {
                message: message,
                expected: "△ (true)",
                actual: condition == ▽ ? "▽ (false)" : "○ (unknown)"
            })
        }
    }
    
    Ⲫ assert_eq[T](Ⲥ, Ⲁ actual: T, Ⲁ expected: T, Ⲁ message: Ⲧⲉⲝⲧ = "") {
        Ⲥ.assertions += 1
        Ⲉ actual != expected {
            Ⲥ.passed = ▽
            Ⲥ.failures.push(AssertionFailure {
                message: message,
                expected: to_string(expected),
                actual: to_string(actual)
            })
        }
    }
    
    Ⲫ assert_ne[T](Ⲥ, Ⲁ actual: T, Ⲁ not_expected: T, Ⲁ message: Ⲧⲉⲝⲧ = "") {
        Ⲥ.assertions += 1
        Ⲉ actual == not_expected {
            Ⲥ.passed = ▽
            Ⲥ.failures.push(AssertionFailure {
                message: message,
                expected: "not " + to_string(not_expected),
                actual: to_string(actual)
            })
        }
    }
    
    Ⲫ assert_true(Ⲥ, Ⲁ condition: Trit) { Ⲥ.assert(condition == △) }
    Ⲫ assert_false(Ⲥ, Ⲁ condition: Trit) { Ⲥ.assert(condition == ▽) }
    Ⲫ assert_unknown(Ⲥ, Ⲁ condition: Trit) { Ⲥ.assert(condition == ○) }
    
    Ⲫ assert_some[T](Ⲥ, Ⲁ value: T?) {
        Ⲥ.assertions += 1
        Ⲉ value == ○ {
            Ⲥ.passed = ▽
            Ⲥ.failures.push(AssertionFailure {
                message: "Expected some value",
                expected: "Some(T)",
                actual: "None"
            })
        }
    }
    
    Ⲫ assert_none[T](Ⲥ, Ⲁ value: T?) {
        Ⲥ.assertions += 1
        Ⲉ value != ○ {
            Ⲥ.passed = ▽
            Ⲥ.failures.push(AssertionFailure {
                message: "Expected none",
                expected: "None",
                actual: "Some(" + to_string(value) + ")"
            })
        }
    }
    
    Ⲫ assert_throws(Ⲥ, Ⲁ f: Ⲫⲛ, Ⲁ expected_error: Ⲧⲉⲝⲧ = "") {
        Ⲥ.assertions += 1
        Ⲃ threw = ▽
        Ⲃ error_msg = ""
        
        try {
            f()
        } catch (e) {
            threw = △
            error_msg = e.message
        }
        
        Ⲉ threw == ▽ {
            Ⲥ.passed = ▽
            Ⲥ.failures.push(AssertionFailure {
                message: "Expected exception",
                expected: "Exception",
                actual: "No exception"
            })
        } Ⲱ Ⲉ expected_error != "" && !error_msg.contains(expected_error) {
            Ⲥ.passed = ▽
            Ⲥ.failures.push(AssertionFailure {
                message: "Wrong exception message",
                expected: expected_error,
                actual: error_msg
            })
        }
    }
    
    // Approximate equality for floats
    Ⲫ assert_approx(Ⲥ, Ⲁ actual: Ⲫⲗⲟⲁⲧ, Ⲁ expected: Ⲫⲗⲟⲁⲧ, Ⲁ epsilon: Ⲫⲗⲟⲁⲧ = 0.0001) {
        Ⲥ.assertions += 1
        Ⲉ abs(actual - expected) > epsilon {
            Ⲥ.passed = ▽
            Ⲥ.failures.push(AssertionFailure {
                message: "Values not approximately equal",
                expected: to_string(expected) + " ± " + to_string(epsilon),
                actual: to_string(actual)
            })
        }
    }
}

// ═══════════════════════════════════════════════════════════════
// TEST SUITE
// ═══════════════════════════════════════════════════════════════
Ⲏ TestSuite {
    Ⲃ name: Ⲧⲉⲝⲧ
    Ⲃ tests: [TestCase] = []
    Ⲃ before_all: Ⲫⲛ?
    Ⲃ after_all: Ⲫⲛ?
    Ⲃ before_each: Ⲫⲛ?
    Ⲃ after_each: Ⲫⲛ?
    
    Ⲫ new(Ⲁ name: Ⲧⲉⲝⲧ) → TestSuite {
        Ⲣ TestSuite { name: name }
    }
    
    Ⲫ test(Ⲥ, Ⲁ name: Ⲧⲉⲝⲧ, Ⲁ func: Ⲫⲛ(TestContext)) {
        Ⲥ.tests.push(TestCase { name: name, func: func })
    }
    
    Ⲫ skip_test(Ⲥ, Ⲁ name: Ⲧⲉⲝⲧ, Ⲁ func: Ⲫⲛ(TestContext)) {
        Ⲥ.tests.push(TestCase { name: name, func: func, skip: △ })
    }
    
    Ⲫ only_test(Ⲥ, Ⲁ name: Ⲧⲉⲝⲧ, Ⲁ func: Ⲫⲛ(TestContext)) {
        Ⲥ.tests.push(TestCase { name: name, func: func, only: △ })
    }
}

// ═══════════════════════════════════════════════════════════════
// TEST RUNNER
// ═══════════════════════════════════════════════════════════════
Ⲏ TestRunner {
    Ⲃ suites: [TestSuite] = []
    Ⲃ results: [TestResult] = []
    Ⲃ filter: Ⲧⲉⲝⲧ = ""
    Ⲃ verbose: Trit = △
    
    Ⲫ new() → TestRunner { Ⲣ TestRunner {} }
    
    Ⲫ add_suite(Ⲥ, Ⲁ suite: TestSuite) {
        Ⲥ.suites.push(suite)
    }
    
    Ⲫ run(Ⲥ) → TestReport {
        Ⲃ start_time = time_ms()
        
        Ⲝ suite ∈ Ⲥ.suites {
            // Run before_all
            Ⲉ suite.before_all != ○ { suite.before_all() }
            
            // Check for .only tests
            Ⲃ has_only = ▽
            Ⲝ test ∈ suite.tests {
                Ⲉ test.only == △ { has_only = △; ⊘ }
            }
            
            Ⲝ test ∈ suite.tests {
                // Skip if not matching filter
                Ⲉ Ⲥ.filter != "" && !test.name.contains(Ⲥ.filter) { ⊳ }
                
                // Skip if has_only and this is not only
                Ⲉ has_only == △ && test.only == ▽ { ⊳ }
                
                Ⲃ result = Ⲥ.run_test(suite, test)
                Ⲥ.results.push(result)
                
                Ⲉ Ⲥ.verbose == △ {
                    Ⲥ.print_result(result)
                }
            }
            
            // Run after_all
            Ⲉ suite.after_all != ○ { suite.after_all() }
        }
        
        Ⲃ end_time = time_ms()
        Ⲣ Ⲥ.generate_report(end_time - start_time)
    }
    
    Ⲫ run_test(Ⲥ, Ⲁ suite: TestSuite, Ⲁ test: TestCase) → TestResult {
        Ⲉ test.skip == △ {
            Ⲣ TestResult { name: test.name, status: TestStatus.SKIPPED }
        }
        
        Ⲃ ctx = TestContext {}
        Ⲃ start = time_ms()
        
        // Run before_each
        Ⲉ suite.before_each != ○ { suite.before_each() }
        
        // Run test with timeout
        Ⲃ error: Ⲧⲉⲝⲧ? = ○
        try {
            test.func(ctx)
        } catch (e) {
            error = e.message
            ctx.passed = ▽
        }
        
        // Run after_each
        Ⲉ suite.after_each != ○ { suite.after_each() }
        
        Ⲃ duration = time_ms() - start
        
        Ⲣ TestResult {
            name: test.name,
            status: ctx.passed == △ ? TestStatus.PASSED : TestStatus.FAILED,
            duration_ms: duration,
            error: error,
            assertions: ctx.assertions,
            failures: ctx.failures
        }
    }
    
    Ⲫ print_result(Ⲥ, Ⲁ result: TestResult) {
        Ⲃ icon = result.status == TestStatus.PASSED ? "✅" :
                 result.status == TestStatus.FAILED ? "❌" :
                 result.status == TestStatus.SKIPPED ? "⏭️" : "⏳"
        
        print(icon + " " + result.name + " (" + result.duration_ms + "ms)")
        
        Ⲉ result.status == TestStatus.FAILED {
            Ⲝ f ∈ result.failures {
                print("   Expected: " + f.expected)
                print("   Actual:   " + f.actual)
            }
        }
    }
    
    Ⲫ generate_report(Ⲥ, Ⲁ total_time: Ⲓⲛⲧ) → TestReport {
        Ⲃ passed = 0
        Ⲃ failed = 0
        Ⲃ skipped = 0
        
        Ⲝ r ∈ Ⲥ.results {
            Ⲉ r.status == TestStatus.PASSED { passed += 1 }
            Ⲱ Ⲉ r.status == TestStatus.FAILED { failed += 1 }
            Ⲱ Ⲉ r.status == TestStatus.SKIPPED { skipped += 1 }
        }
        
        Ⲣ TestReport {
            total: Ⲥ.results.len(),
            passed: passed,
            failed: failed,
            skipped: skipped,
            duration_ms: total_time,
            results: Ⲥ.results
        }
    }
}

Ⲏ TestReport {
    Ⲃ total: Ⲓⲛⲧ
    Ⲃ passed: Ⲓⲛⲧ
    Ⲃ failed: Ⲓⲛⲧ
    Ⲃ skipped: Ⲓⲛⲧ
    Ⲃ duration_ms: Ⲓⲛⲧ
    Ⲃ results: [TestResult]
    
    Ⲫ success(Ⲥ) → Trit { Ⲣ Ⲥ.failed == 0 ? △ : ▽ }
    
    Ⲫ print_summary(Ⲥ) {
        print("\n═══════════════════════════════════════")
        print("Tests: " + Ⲥ.total + " total")
        print("  ✅ Passed:  " + Ⲥ.passed)
        print("  ❌ Failed:  " + Ⲥ.failed)
        print("  ⏭️ Skipped: " + Ⲥ.skipped)
        print("Time: " + Ⲥ.duration_ms + "ms")
        print("═══════════════════════════════════════")
    }
}

// ═══════════════════════════════════════════════════════════════
// PROPERTY-BASED TESTING
// ═══════════════════════════════════════════════════════════════
Ⲏ PropertyTest[T] {
    Ⲃ name: Ⲧⲉⲝⲧ
    Ⲃ generator: Ⲫⲛ() → T
    Ⲃ property: Ⲫⲛ(T) → Trit
    Ⲃ iterations: Ⲓⲛⲧ = 100
    
    Ⲫ run(Ⲥ) → TestResult {
        Ⲝ i ∈ 0..Ⲥ.iterations {
            Ⲃ value = Ⲥ.generator()
            Ⲉ Ⲥ.property(value) != △ {
                Ⲣ TestResult {
                    name: Ⲥ.name,
                    status: TestStatus.FAILED,
                    error: "Property failed for: " + to_string(value)
                }
            }
        }
        Ⲣ TestResult { name: Ⲥ.name, status: TestStatus.PASSED }
    }
}

// Random generators
Ⲫ gen_int(Ⲁ min: Ⲓⲛⲧ, Ⲁ max: Ⲓⲛⲧ) → Ⲫⲛ() → Ⲓⲛⲧ {
    Ⲣ Ⲫⲛ() { Ⲣ random_int(min, max) }
}

Ⲫ gen_float(Ⲁ min: Ⲫⲗⲟⲁⲧ, Ⲁ max: Ⲫⲗⲟⲁⲧ) → Ⲫⲛ() → Ⲫⲗⲟⲁⲧ {
    Ⲣ Ⲫⲛ() { Ⲣ random_float(min, max) }
}

Ⲫ gen_trit() → Ⲫⲛ() → Trit {
    Ⲣ Ⲫⲛ() {
        Ⲃ r = random_int(0, 2)
        Ⲉ r == 0 { Ⲣ ▽ }
        Ⲉ r == 1 { Ⲣ ○ }
        Ⲣ △
    }
}

// ═══════════════════════════════════════════════════════════════
// TESTS
// ═══════════════════════════════════════════════════════════════
⊡ test "test_context_assert" {
    Ⲃ ctx = TestContext {}
    ctx.assert(△)
    ⊜! ctx.passed == △
    ⊜! ctx.assertions == 1
}

⊡ test "test_context_assert_eq" {
    Ⲃ ctx = TestContext {}
    ctx.assert_eq(42, 42)
    ⊜! ctx.passed == △
}

⊡ test "property_test_trit_and_commutative" {
    Ⲃ pt = PropertyTest[Trit] {
        name: "trit_and is commutative",
        generator: gen_trit(),
        property: Ⲫⲛ(a) {
            Ⲃ b = gen_trit()()
            Ⲣ trit_and(a, b) == trit_and(b, a) ? △ : ▽
        }
    }
    Ⲃ result = pt.run()
    ⊜! result.status == TestStatus.PASSED
}
